#
# There is insufficient memory for the Java Runtime Environment to continue.
# Native memory allocation (mmap) failed to map 130023424 bytes for G1 virtual space
# Possible reasons:
#   The system is out of physical RAM or swap space
#   The process is running with CompressedOops enabled, and the Java Heap may be blocking the growth of the native heap
# Possible solutions:
#   Reduce memory load on the system
#   Increase physical memory or swap space
#   Check if swap backing store is full
#   Decrease Java heap size (-Xmx/-Xms)
#   Decrease number of Java threads
#   Decrease Java thread stack sizes (-Xss)
#   Set larger code cache with -XX:ReservedCodeCacheSize=
#   JVM is running with Unscaled Compressed Oops mode in which the Java heap is
#     placed in the first 4GB address space. The Java Heap base address is the
#     maximum limit for the native heap growth. Please use -XX:HeapBaseMinAddress
#     to set the Java Heap base and to place the Java Heap above 4GB virtual address.
# This output file may be truncated or incomplete.
#
#  Out of Memory Error (os_windows.cpp:3536), pid=24252, tid=11476
#
# JRE version:  (19.0.2+7) (build )
# Java VM: Java HotSpot(TM) 64-Bit Server VM (19.0.2+7-44, mixed mode, sharing, tiered, compressed oops, compressed class ptrs, g1 gc, windows-amd64)
# No core dump will be written. Minidumps are not enabled by default on client versions of Windows
#

---------------  S U M M A R Y ------------

Command Line: 

Host: 11th Gen Intel(R) Core(TM) i5-1135G7 @ 2.40GHz, 8 cores, 7G,  Windows 11 , 64 bit Build 26100 (10.0.26100.7705)
Time: Fri Feb 13 06:58:32 2026 Bangladesh Standard Time elapsed time: 0.022555 seconds (0d 0h 0m 0s)

---------------  T H R E A D  ---------------

Current thread (0x000002d8b03dd5d0):  JavaThread "Unknown thread" [_thread_in_vm, id=11476, stack(0x000000f921f00000,0x000000f922000000)]

Stack: [0x000000f921f00000,0x000000f922000000]
Native frames: (J=compiled Java code, j=interpreted, Vv=VM code, C=native code)
V  [jvm.dll+0x6ee21a]
V  [jvm.dll+0x85765e]
V  [jvm.dll+0x85904e]
V  [jvm.dll+0x859703]
V  [jvm.dll+0x28298f]
V  [jvm.dll+0x6eb009]
V  [jvm.dll+0x6dfbaa]
V  [jvm.dll+0x3573f6]
V  [jvm.dll+0x35ee56]
V  [jvm.dll+0x3b541e]
V  [jvm.dll+0x3b564f]
V  [jvm.dll+0x32c9ea]
V  [jvm.dll+0x32d89e]
V  [jvm.dll+0x821780]
V  [jvm.dll+0x3c2661]
V  [jvm.dll+0x801f51]
V  [jvm.dll+0x44ae8f]
V  [jvm.dll+0x44c811]
C  [jli.dll+0x5287]
C  [ucrtbase.dll+0x37b0]
C  [KERNEL32.DLL+0x2e8d7]
C  [ntdll.dll+0x8c40c]


---------------  P R O C E S S  ---------------

Threads class SMR info:
_java_thread_list=0x00007ffa8dabd048, length=0, elements={
}

Java Threads: ( => current thread )

Other Threads:
  0x000002d8b043cb50 WorkerThread "GC Thread#0" [stack: 0x000000f922000000,0x000000f922100000] [id=25260]
  0x000002d8b044d430 ConcurrentGCThread "G1 Main Marker" [stack: 0x000000f922100000,0x000000f922200000] [id=14564]
  0x000002d8b0451080 WorkerThread "G1 Conc#0" [stack: 0x000000f922200000,0x000000f922300000] [id=16736]

[error occurred during error reporting (printing all threads), id 0xc0000005, EXCEPTION_ACCESS_VIOLATION (0xc0000005) at pc=0x00007ffa8d27d427]

VM state: not at safepoint (not fully initialized)

VM Mutex/Monitor currently owned by a thread:  ([mutex/lock_event])
[0x000002d8b03da910] Heap_lock - owner thread: 0x000002d8b03dd5d0

Heap address: 0x0000000084c00000, size: 1972 MB, Compressed Oops mode: 32-bit

CDS archive(s) mapped at: [0x0000000000000000-0x0000000000000000-0x0000000000000000), size 0, SharedBaseAddress: 0x0000000800000000, ArchiveRelocationMode: 0.
Narrow klass base: 0x0000000000000000, Narrow klass shift: 0, Narrow klass range: 0x0

GC Precious Log:
 CardTable entry size: 512
 Card Set container configuration: InlinePtr #cards 5 size 8 Array Of Cards #cards 12 size 40 Howl #buckets 4 coarsen threshold 1843 Howl Bitmap #cards 512 size 80 coarsen threshold 460 Card regions per heap region 1 cards per card region 2048

Heap:
 garbage-first heap   total 0K, used 0K [0x0000000084c00000, 0x0000000100000000)
  region size 1024K, 0 young (0K), 0 survivors (0K)

[error occurred during error reporting (printing heap information), id 0xc0000005, EXCEPTION_ACCESS_VIOLATION (0xc0000005) at pc=0x00007ffa8d686649]

GC Heap History (0 events):
No events

Dll operation events (1 events):
Event: 0.016 Loaded shared library C:\Program Files\Java\jdk-19\bin\java.dll

Deoptimization events (0 events):
No events

Classes loaded (0 events):
No events

Classes unloaded (0 events):
No events

Classes redefined (0 events):
No events

Internal exceptions (0 events):
No events

VM Operations (0 events):
No events

Events (0 events):
No events


Dynamic libraries:
0x00007ff6812c0000 - 0x00007ff6812d0000 	C:\Program Files\Java\jdk-19\bin\java.exe
0x00007ffb31bc0000 - 0x00007ffb31e28000 	C:\WINDOWS\SYSTEM32\ntdll.dll
0x00007ffb309f0000 - 0x00007ffb30ab9000 	C:\WINDOWS\System32\KERNEL32.DLL
0x00007ffb2e4d0000 - 0x00007ffb2e8c1000 	C:\WINDOWS\System32\KERNELBASE.dll
0x00007ffb2eda0000 - 0x00007ffb2eeeb000 	C:\WINDOWS\System32\ucrtbase.dll
0x00007ffb1b9c0000 - 0x00007ffb1b9d8000 	C:\Program Files\Java\jdk-19\bin\jli.dll
0x00007ffb2fb60000 - 0x00007ffb2fc14000 	C:\WINDOWS\System32\ADVAPI32.dll
0x00007ffb31690000 - 0x00007ffb31739000 	C:\WINDOWS\System32\msvcrt.dll
0x00007ffb1abc0000 - 0x00007ffb1abdb000 	C:\Program Files\Java\jdk-19\bin\VCRUNTIME140.dll
0x00007ffb31420000 - 0x00007ffb314c6000 	C:\WINDOWS\System32\sechost.dll
0x00007ffb30480000 - 0x00007ffb30598000 	C:\WINDOWS\System32\RPCRT4.dll
0x00007ffb31740000 - 0x00007ffb31906000 	C:\WINDOWS\System32\USER32.dll
0x00007ffb2e4a0000 - 0x00007ffb2e4c7000 	C:\WINDOWS\System32\win32u.dll
0x00007ffb16990000 - 0x00007ffb16c23000 	C:\WINDOWS\WinSxS\amd64_microsoft.windows.common-controls_6595b64144ccf1df_6.0.26100.7824_none_3e0870b2e3345462\COMCTL32.dll
0x00007ffb30b10000 - 0x00007ffb30b3b000 	C:\WINDOWS\System32\GDI32.dll
0x00007ffb2ec70000 - 0x00007ffb2ed9b000 	C:\WINDOWS\System32\gdi32full.dll
0x00007ffb2e8d0000 - 0x00007ffb2e973000 	C:\WINDOWS\System32\msvcp_win.dll
0x00007ffb1ac00000 - 0x00007ffb1ac0b000 	C:\WINDOWS\SYSTEM32\VERSION.dll
0x00007ffb313d0000 - 0x00007ffb31401000 	C:\WINDOWS\System32\IMM32.DLL
0x00007ffb27450000 - 0x00007ffb2745c000 	C:\Program Files\Java\jdk-19\bin\vcruntime140_1.dll
0x00007ffac9c20000 - 0x00007ffac9cae000 	C:\Program Files\Java\jdk-19\bin\msvcp140.dll
0x00007ffa8cf40000 - 0x00007ffa8dc00000 	C:\Program Files\Java\jdk-19\bin\server\jvm.dll
0x00007ffb1b770000 - 0x00007ffb1b77a000 	C:\WINDOWS\SYSTEM32\WSOCK32.dll
0x00007ffb23770000 - 0x00007ffb237a5000 	C:\WINDOWS\SYSTEM32\WINMM.dll
0x00007ffb312d0000 - 0x00007ffb31344000 	C:\WINDOWS\System32\WS2_32.dll
0x00007ffb2d210000 - 0x00007ffb2d22b000 	C:\WINDOWS\SYSTEM32\kernel.appcore.dll
0x00007ffb273e0000 - 0x00007ffb273ea000 	C:\Program Files\Java\jdk-19\bin\jimage.dll
0x00007ffb2c580000 - 0x00007ffb2c7c2000 	C:\WINDOWS\SYSTEM32\DBGHELP.DLL
0x00007ffb30660000 - 0x00007ffb309e6000 	C:\WINDOWS\System32\combase.dll
0x00007ffb311f0000 - 0x00007ffb312c7000 	C:\WINDOWS\System32\OLEAUT32.dll
0x00007ffb14100000 - 0x00007ffb1413b000 	C:\WINDOWS\SYSTEM32\dbgcore.DLL
0x00007ffb2e980000 - 0x00007ffb2ea25000 	C:\WINDOWS\System32\bcryptPrimitives.dll
0x00007ffaeec20000 - 0x00007ffaeec46000 	C:\Program Files\Java\jdk-19\bin\java.dll

dbghelp: loaded successfully - version: 4.0.5 - missing functions: none
symbol engine: initialized successfully - sym options: 0x614 - pdb path: .;C:\Program Files\Java\jdk-19\bin;C:\WINDOWS\SYSTEM32;C:\WINDOWS\WinSxS\amd64_microsoft.windows.common-controls_6595b64144ccf1df_6.0.26100.7824_none_3e0870b2e3345462;C:\Program Files\Java\jdk-19\bin\server

VM Arguments:
java_command: <unknown>
java_class_path (initial): <not set>
Launcher Type: SUN_STANDARD

[Global flags]
     intx CICompilerCount                          = 4                                         {product} {ergonomic}
     uint ConcGCThreads                            = 2                                         {product} {ergonomic}
     uint G1ConcRefinementThreads                  = 8                                         {product} {ergonomic}
   size_t G1HeapRegionSize                         = 1048576                                   {product} {ergonomic}
    uintx GCDrainStackTargetSize                   = 64                                        {product} {ergonomic}
   size_t InitialHeapSize                          = 130023424                                 {product} {ergonomic}
   size_t MarkStackSize                            = 4194304                                   {product} {ergonomic}
   size_t MaxHeapSize                              = 2067791872                                {product} {ergonomic}
   size_t MinHeapDeltaBytes                        = 1048576                                   {product} {ergonomic}
   size_t MinHeapSize                              = 8388608                                   {product} {ergonomic}
    uintx NonNMethodCodeHeapSize                   = 5839372                                {pd product} {ergonomic}
    uintx NonProfiledCodeHeapSize                  = 122909434                              {pd product} {ergonomic}
    uintx ProfiledCodeHeapSize                     = 122909434                              {pd product} {ergonomic}
    uintx ReservedCodeCacheSize                    = 251658240                              {pd product} {ergonomic}
     bool SegmentedCodeCache                       = true                                      {product} {ergonomic}
   size_t SoftMaxHeapSize                          = 2067791872                             {manageable} {ergonomic}
     bool UseCompressedClassPointers               = true                           {product lp64_product} {ergonomic}
     bool UseCompressedOops                        = true                           {product lp64_product} {ergonomic}
     bool UseG1GC                                  = true                                      {product} {ergonomic}
     bool UseLargePagesIndividualAllocation        = false                                  {pd product} {ergonomic}

Logging:
Log output configuration:
 #0: stdout all=warning uptime,level,tags foldmultilines=false
 #1: stderr all=off uptime,level,tags foldmultilines=false

Environment Variables:
JAVA_HOME=C:\Program Files\Java\jdk-19
PATH=C:\ProgramData\Microsoft\Windows\Start Menu\Docker Desktop.lnk;C:\Users\USER\sqlite-tools-win-x64-3510100;C:\Users\USER\poppler-25.12.0\Library\bin;C:\Program Files\Tesseract-OCR;C:\Program Files\MongoDB\Server\8.2\bin;C:\Program Files (x86)\Common Files\ArcSoft\Bin;C:\WINDOWS\system32;C:\WINDOWS;C:\WINDOWS\System32\Wbem;C:\WINDOWS\System32\WindowsPowerShell\v1.0\;C:\Program Files\Java\jdk-19\bin;C:\WINDOWS\System32\OpenSSH\;C:\ProgramData\Microsoft\Windows\Start Menu\Programs\XAMPP;E:\Git\cmd;C:\Users\USER\AppData\Local\Muse Hub\lib;C:\Program Files\dotnet\;C:\Program Files\Docker\Docker\resources\bin;C:\Program Files\nodejs\;C:\xampp\php;C:\Program Files (x86)\Common Files\ArcSoft\Bin;C:\WINDOWS\system32;C:\WINDOWS;C:\WINDOWS\System32\Wbem;C:\WINDOWS\System32\WindowsPowerShell\v1.0\;C:\Program Files\Java\jdk-19\bin;C:\WINDOWS\System32\OpenSSH\;C:\ProgramData\Microsoft\Windows\Start Menu\Programs\XAMPP;C:\Program Files\nodejs\;E:\Git\cmd;C:\WINDOWS\system32\config\systemprofile\AppData\Local\Muse Hub\lib;C:\Program Files\dotnet\;C:\Users\USER\AppData\Local\Programs\Python\Python310\Scripts\;C:\Users\USER\AppData\Local\Programs\Python\Python310\;C:\xampp\php;C:\Program Files (x86)\Common Files\ArcSoft\Bin;C:\WINDOWS\system32;C:\WINDOWS;C:\WINDOWS\System32\Wbem;C:\WINDOWS\System32\WindowsPowerShell\v1.0\;C:\Program Files\Java\jdk-19\bin;C:\WINDOWS\System32\OpenSSH\;C:\ProgramData\Microsoft\Windows\Start Menu\Programs\XAMPP;C:\Program Files\nodejs\;E:\Git\cmd;C:\Users\USER\AppData\Local\Muse Hub\lib;C:\Program Files\dotnet\;C:\Users\USER\AppData\Local\Programs\Python\Python314\Scripts\;C:\Users\USER\Downloads\flutter_windows_3.35.3-s;C:\Users\USER\AppData\Local\Programs\Microsoft VS Code\bin;C:\Users\USER\AppData\Roaming\npm
USERNAME=USER
OS=Windows_NT
PROCESSOR_IDENTIFIER=Intel64 Family 6 Model 140 Stepping 1, GenuineIntel
TMP=C:\Users\USER\AppData\Local\Temp
TEMP=C:\Users\USER\AppData\Local\Temp



---------------  S Y S T E M  ---------------

OS:
 Windows 11 , 64 bit Build 26100 (10.0.26100.7705)
OS uptime: 1 days 1:43 hours
Hyper-V role detected

CPU: total 8 (initial active 8) (4 cores per cpu, 2 threads per core) family 6 model 140 stepping 1 microcode 0x86, cx8, cmov, fxsr, ht, mmx, 3dnowpref, sse, sse2, sse3, ssse3, sse4.1, sse4.2, popcnt, lzcnt, tsc, tscinvbit, avx, avx2, aes, erms, clmul, bmi1, bmi2, adx, avx512f, avx512dq, avx512cd, avx512bw, avx512vl, sha, fma, vzeroupper, avx512_vpopcntdq, avx512_vpclmulqdq, avx512_vaes, avx512_vnni, clflush, clflushopt, clwb, avx512_vbmi2, avx512_vbmi, hv, rdtscp, rdpid, fsrm, gfni, avx512_bitalg

Memory: 4k page, system-wide physical 7886M (741M free)
TotalPageFile size 22493M (AvailPageFile size 23M)
current process WorkingSet (physical memory assigned to process): 12M, peak: 12M
current process commit charge ("private bytes"): 60M, peak: 184M

vm_info: Java HotSpot(TM) 64-Bit Server VM (19.0.2+7-44) for windows-amd64 JRE (19.0.2+7-44), built on 2022-11-30T18:02:09Z by "mach5one" with MS VC++ 17.1 (VS2022)

END.
