{"level":"info","message":"Socket.io server initialized","service":"eduquest-api","timestamp":"2026-03-01 22:41:37"}
{"level":"info","message":"Redis client connected","service":"eduquest-api","timestamp":"2026-03-01 22:41:38"}
{"level":"info","message":"Redis client ready","service":"eduquest-api","timestamp":"2026-03-01 22:41:38"}
{"ip":"::1","level":"http","message":"Incoming Request","method":"GET","service":"eduquest-api","timestamp":"2026-03-01 22:41:40","url":"/health"}
{"duration":"255ms","ip":"::1","level":"http","message":"HTTP Request","method":"GET","service":"eduquest-api","statusCode":200,"timestamp":"2026-03-01 22:41:40","url":"/health","userId":"anonymous"}
{"ip":"::1","level":"http","message":"Incoming Request","method":"GET","service":"eduquest-api","timestamp":"2026-03-01 22:42:11","url":"/health"}
{"duration":"9ms","ip":"::1","level":"http","message":"HTTP Request","method":"GET","service":"eduquest-api","statusCode":200,"timestamp":"2026-03-01 22:42:11","url":"/health","userId":"anonymous"}
{"ip":"::1","level":"http","message":"Incoming Request","method":"GET","service":"eduquest-api","timestamp":"2026-03-01 22:42:41","url":"/health"}
{"duration":"8ms","ip":"::1","level":"http","message":"HTTP Request","method":"GET","service":"eduquest-api","statusCode":200,"timestamp":"2026-03-01 22:42:41","url":"/health","userId":"anonymous"}
{"ip":"::1","level":"http","message":"Incoming Request","method":"GET","service":"eduquest-api","timestamp":"2026-03-01 22:43:11","url":"/health"}
{"duration":"29ms","ip":"::1","level":"http","message":"HTTP Request","method":"GET","service":"eduquest-api","statusCode":200,"timestamp":"2026-03-01 22:43:11","url":"/health","userId":"anonymous"}
{"ip":"::1","level":"http","message":"Incoming Request","method":"GET","service":"eduquest-api","timestamp":"2026-03-01 22:43:41","url":"/health"}
{"duration":"12ms","ip":"::1","level":"http","message":"HTTP Request","method":"GET","service":"eduquest-api","statusCode":200,"timestamp":"2026-03-01 22:43:41","url":"/health","userId":"anonymous"}
{"ip":"::1","level":"http","message":"Incoming Request","method":"GET","service":"eduquest-api","timestamp":"2026-03-01 22:44:15","url":"/health"}
{"duration":"24ms","ip":"::1","level":"http","message":"HTTP Request","method":"GET","service":"eduquest-api","statusCode":200,"timestamp":"2026-03-01 22:44:15","url":"/health","userId":"anonymous"}
{"ip":"::1","level":"http","message":"Incoming Request","method":"GET","service":"eduquest-api","timestamp":"2026-03-01 22:44:46","url":"/health"}
{"duration":"72ms","ip":"::1","level":"http","message":"HTTP Request","method":"GET","service":"eduquest-api","statusCode":200,"timestamp":"2026-03-01 22:44:46","url":"/health","userId":"anonymous"}
{"ip":"::1","level":"http","message":"Incoming Request","method":"GET","service":"eduquest-api","timestamp":"2026-03-01 22:45:16","url":"/health"}
{"duration":"9ms","ip":"::1","level":"http","message":"HTTP Request","method":"GET","service":"eduquest-api","statusCode":200,"timestamp":"2026-03-01 22:45:16","url":"/health","userId":"anonymous"}
{"ip":"::1","level":"http","message":"Incoming Request","method":"GET","service":"eduquest-api","timestamp":"2026-03-01 22:45:47","url":"/health"}
{"duration":"7ms","ip":"::1","level":"http","message":"HTTP Request","method":"GET","service":"eduquest-api","statusCode":200,"timestamp":"2026-03-01 22:45:47","url":"/health","userId":"anonymous"}
{"ip":"::1","level":"http","message":"Incoming Request","method":"GET","service":"eduquest-api","timestamp":"2026-03-01 22:46:17","url":"/health"}
{"duration":"6ms","ip":"::1","level":"http","message":"HTTP Request","method":"GET","service":"eduquest-api","statusCode":200,"timestamp":"2026-03-01 22:46:17","url":"/health","userId":"anonymous"}
{"ip":"::1","level":"http","message":"Incoming Request","method":"GET","service":"eduquest-api","timestamp":"2026-03-01 22:46:47","url":"/health"}
{"duration":"32ms","ip":"::1","level":"http","message":"HTTP Request","method":"GET","service":"eduquest-api","statusCode":200,"timestamp":"2026-03-01 22:46:47","url":"/health","userId":"anonymous"}
{"ip":"::1","level":"http","message":"Incoming Request","method":"GET","service":"eduquest-api","timestamp":"2026-03-01 22:47:17","url":"/health"}
{"duration":"4ms","ip":"::1","level":"http","message":"HTTP Request","method":"GET","service":"eduquest-api","statusCode":200,"timestamp":"2026-03-01 22:47:17","url":"/health","userId":"anonymous"}
{"ip":"::1","level":"http","message":"Incoming Request","method":"GET","service":"eduquest-api","timestamp":"2026-03-01 22:47:47","url":"/health"}
{"duration":"3ms","ip":"::1","level":"http","message":"HTTP Request","method":"GET","service":"eduquest-api","statusCode":200,"timestamp":"2026-03-01 22:47:47","url":"/health","userId":"anonymous"}
{"ip":"::1","level":"http","message":"Incoming Request","method":"GET","service":"eduquest-api","timestamp":"2026-03-01 22:48:17","url":"/health"}
{"duration":"3ms","ip":"::1","level":"http","message":"HTTP Request","method":"GET","service":"eduquest-api","statusCode":200,"timestamp":"2026-03-01 22:48:17","url":"/health","userId":"anonymous"}
{"ip":"::1","level":"http","message":"Incoming Request","method":"GET","service":"eduquest-api","timestamp":"2026-03-01 22:48:47","url":"/health"}
{"duration":"3ms","ip":"::1","level":"http","message":"HTTP Request","method":"GET","service":"eduquest-api","statusCode":200,"timestamp":"2026-03-01 22:48:47","url":"/health","userId":"anonymous"}
{"ip":"::1","level":"http","message":"Incoming Request","method":"GET","service":"eduquest-api","timestamp":"2026-03-01 22:49:18","url":"/health"}
{"duration":"2ms","ip":"::1","level":"http","message":"HTTP Request","method":"GET","service":"eduquest-api","statusCode":200,"timestamp":"2026-03-01 22:49:18","url":"/health","userId":"anonymous"}
{"ip":"::1","level":"http","message":"Incoming Request","method":"GET","service":"eduquest-api","timestamp":"2026-03-01 22:49:48","url":"/health"}
{"duration":"3ms","ip":"::1","level":"http","message":"HTTP Request","method":"GET","service":"eduquest-api","statusCode":200,"timestamp":"2026-03-01 22:49:48","url":"/health","userId":"anonymous"}
{"ip":"::1","level":"http","message":"Incoming Request","method":"GET","service":"eduquest-api","timestamp":"2026-03-01 22:50:18","url":"/health"}
{"duration":"3ms","ip":"::1","level":"http","message":"HTTP Request","method":"GET","service":"eduquest-api","statusCode":200,"timestamp":"2026-03-01 22:50:18","url":"/health","userId":"anonymous"}
{"ip":"::1","level":"http","message":"Incoming Request","method":"GET","service":"eduquest-api","timestamp":"2026-03-01 22:50:48","url":"/health"}
{"duration":"4ms","ip":"::1","level":"http","message":"HTTP Request","method":"GET","service":"eduquest-api","statusCode":200,"timestamp":"2026-03-01 22:50:48","url":"/health","userId":"anonymous"}
{"ip":"::1","level":"http","message":"Incoming Request","method":"GET","service":"eduquest-api","timestamp":"2026-03-01 22:51:18","url":"/health"}
{"duration":"5ms","ip":"::1","level":"http","message":"HTTP Request","method":"GET","service":"eduquest-api","statusCode":200,"timestamp":"2026-03-01 22:51:18","url":"/health","userId":"anonymous"}
{"ip":"::1","level":"http","message":"Incoming Request","method":"GET","service":"eduquest-api","timestamp":"2026-03-01 22:51:48","url":"/health"}
{"duration":"11ms","ip":"::1","level":"http","message":"HTTP Request","method":"GET","service":"eduquest-api","statusCode":200,"timestamp":"2026-03-01 22:51:48","url":"/health","userId":"anonymous"}
{"ip":"::1","level":"http","message":"Incoming Request","method":"GET","service":"eduquest-api","timestamp":"2026-03-01 22:52:18","url":"/health"}
{"duration":"18ms","ip":"::1","level":"http","message":"HTTP Request","method":"GET","service":"eduquest-api","statusCode":200,"timestamp":"2026-03-01 22:52:18","url":"/health","userId":"anonymous"}
{"ip":"::1","level":"http","message":"Incoming Request","method":"GET","service":"eduquest-api","timestamp":"2026-03-01 22:52:49","url":"/health"}
{"duration":"2ms","ip":"::1","level":"http","message":"HTTP Request","method":"GET","service":"eduquest-api","statusCode":200,"timestamp":"2026-03-01 22:52:49","url":"/health","userId":"anonymous"}
{"ip":"::1","level":"http","message":"Incoming Request","method":"GET","service":"eduquest-api","timestamp":"2026-03-01 22:53:20","url":"/health"}
{"duration":"3ms","ip":"::1","level":"http","message":"HTTP Request","method":"GET","service":"eduquest-api","statusCode":200,"timestamp":"2026-03-01 22:53:20","url":"/health","userId":"anonymous"}
{"ip":"::1","level":"http","message":"Incoming Request","method":"GET","service":"eduquest-api","timestamp":"2026-03-01 22:53:50","url":"/health"}
{"duration":"8ms","ip":"::1","level":"http","message":"HTTP Request","method":"GET","service":"eduquest-api","statusCode":200,"timestamp":"2026-03-01 22:53:50","url":"/health","userId":"anonymous"}
{"ip":"::1","level":"http","message":"Incoming Request","method":"GET","service":"eduquest-api","timestamp":"2026-03-01 22:54:20","url":"/health"}
{"duration":"5ms","ip":"::1","level":"http","message":"HTTP Request","method":"GET","service":"eduquest-api","statusCode":200,"timestamp":"2026-03-01 22:54:20","url":"/health","userId":"anonymous"}
{"ip":"::1","level":"http","message":"Incoming Request","method":"GET","service":"eduquest-api","timestamp":"2026-03-01 22:54:50","url":"/health"}
{"duration":"3ms","ip":"::1","level":"http","message":"HTTP Request","method":"GET","service":"eduquest-api","statusCode":200,"timestamp":"2026-03-01 22:54:50","url":"/health","userId":"anonymous"}
{"ip":"::1","level":"http","message":"Incoming Request","method":"GET","service":"eduquest-api","timestamp":"2026-03-01 22:55:21","url":"/health"}
{"duration":"3ms","ip":"::1","level":"http","message":"HTTP Request","method":"GET","service":"eduquest-api","statusCode":200,"timestamp":"2026-03-01 22:55:21","url":"/health","userId":"anonymous"}
{"ip":"::1","level":"http","message":"Incoming Request","method":"GET","service":"eduquest-api","timestamp":"2026-03-01 22:55:51","url":"/health"}
{"duration":"3ms","ip":"::1","level":"http","message":"HTTP Request","method":"GET","service":"eduquest-api","statusCode":200,"timestamp":"2026-03-01 22:55:51","url":"/health","userId":"anonymous"}
{"ip":"::1","level":"http","message":"Incoming Request","method":"GET","service":"eduquest-api","timestamp":"2026-03-01 22:56:21","url":"/health"}
{"duration":"3ms","ip":"::1","level":"http","message":"HTTP Request","method":"GET","service":"eduquest-api","statusCode":200,"timestamp":"2026-03-01 22:56:21","url":"/health","userId":"anonymous"}
{"ip":"::1","level":"http","message":"Incoming Request","method":"GET","service":"eduquest-api","timestamp":"2026-03-01 22:56:51","url":"/health"}
{"duration":"12ms","ip":"::1","level":"http","message":"HTTP Request","method":"GET","service":"eduquest-api","statusCode":200,"timestamp":"2026-03-01 22:56:51","url":"/health","userId":"anonymous"}
{"ip":"::1","level":"http","message":"Incoming Request","method":"GET","service":"eduquest-api","timestamp":"2026-03-01 22:57:21","url":"/health"}
{"duration":"4ms","ip":"::1","level":"http","message":"HTTP Request","method":"GET","service":"eduquest-api","statusCode":200,"timestamp":"2026-03-01 22:57:21","url":"/health","userId":"anonymous"}
{"ip":"::1","level":"http","message":"Incoming Request","method":"GET","service":"eduquest-api","timestamp":"2026-03-01 22:57:51","url":"/health"}
{"duration":"3ms","ip":"::1","level":"http","message":"HTTP Request","method":"GET","service":"eduquest-api","statusCode":200,"timestamp":"2026-03-01 22:57:51","url":"/health","userId":"anonymous"}
{"ip":"::1","level":"http","message":"Incoming Request","method":"GET","service":"eduquest-api","timestamp":"2026-03-01 22:58:22","url":"/health"}
{"duration":"3ms","ip":"::1","level":"http","message":"HTTP Request","method":"GET","service":"eduquest-api","statusCode":200,"timestamp":"2026-03-01 22:58:22","url":"/health","userId":"anonymous"}
{"ip":"::1","level":"http","message":"Incoming Request","method":"GET","service":"eduquest-api","timestamp":"2026-03-01 22:58:52","url":"/health"}
{"duration":"3ms","ip":"::1","level":"http","message":"HTTP Request","method":"GET","service":"eduquest-api","statusCode":200,"timestamp":"2026-03-01 22:58:52","url":"/health","userId":"anonymous"}
{"ip":"::1","level":"http","message":"Incoming Request","method":"GET","service":"eduquest-api","timestamp":"2026-03-01 22:59:22","url":"/health"}
{"duration":"5ms","ip":"::1","level":"http","message":"HTTP Request","method":"GET","service":"eduquest-api","statusCode":200,"timestamp":"2026-03-01 22:59:22","url":"/health","userId":"anonymous"}
{"ip":"::1","level":"http","message":"Incoming Request","method":"GET","service":"eduquest-api","timestamp":"2026-03-01 22:59:52","url":"/health"}
{"duration":"3ms","ip":"::1","level":"http","message":"HTTP Request","method":"GET","service":"eduquest-api","statusCode":200,"timestamp":"2026-03-01 22:59:52","url":"/health","userId":"anonymous"}
{"ip":"::1","level":"http","message":"Incoming Request","method":"GET","service":"eduquest-api","timestamp":"2026-03-01 23:00:22","url":"/health"}
{"duration":"3ms","ip":"::1","level":"http","message":"HTTP Request","method":"GET","service":"eduquest-api","statusCode":200,"timestamp":"2026-03-01 23:00:22","url":"/health","userId":"anonymous"}
{"ip":"::1","level":"http","message":"Incoming Request","method":"GET","service":"eduquest-api","timestamp":"2026-03-01 23:00:52","url":"/health"}
{"duration":"4ms","ip":"::1","level":"http","message":"HTTP Request","method":"GET","service":"eduquest-api","statusCode":200,"timestamp":"2026-03-01 23:00:52","url":"/health","userId":"anonymous"}
{"ip":"::1","level":"http","message":"Incoming Request","method":"GET","service":"eduquest-api","timestamp":"2026-03-01 23:01:23","url":"/health"}
{"duration":"6ms","ip":"::1","level":"http","message":"HTTP Request","method":"GET","service":"eduquest-api","statusCode":200,"timestamp":"2026-03-01 23:01:23","url":"/health","userId":"anonymous"}
{"ip":"::1","level":"http","message":"Incoming Request","method":"GET","service":"eduquest-api","timestamp":"2026-03-01 23:01:53","url":"/health"}
{"duration":"18ms","ip":"::1","level":"http","message":"HTTP Request","method":"GET","service":"eduquest-api","statusCode":200,"timestamp":"2026-03-01 23:01:53","url":"/health","userId":"anonymous"}
{"ip":"::1","level":"http","message":"Incoming Request","method":"GET","service":"eduquest-api","timestamp":"2026-03-01 23:02:23","url":"/health"}
{"duration":"3ms","ip":"::1","level":"http","message":"HTTP Request","method":"GET","service":"eduquest-api","statusCode":200,"timestamp":"2026-03-01 23:02:23","url":"/health","userId":"anonymous"}
{"ip":"::1","level":"http","message":"Incoming Request","method":"GET","service":"eduquest-api","timestamp":"2026-03-01 23:02:53","url":"/health"}
{"duration":"3ms","ip":"::1","level":"http","message":"HTTP Request","method":"GET","service":"eduquest-api","statusCode":200,"timestamp":"2026-03-01 23:02:53","url":"/health","userId":"anonymous"}
{"ip":"::1","level":"http","message":"Incoming Request","method":"GET","service":"eduquest-api","timestamp":"2026-03-01 23:03:23","url":"/health"}
{"duration":"3ms","ip":"::1","level":"http","message":"HTTP Request","method":"GET","service":"eduquest-api","statusCode":200,"timestamp":"2026-03-01 23:03:23","url":"/health","userId":"anonymous"}
{"ip":"::1","level":"http","message":"Incoming Request","method":"GET","service":"eduquest-api","timestamp":"2026-03-01 23:03:53","url":"/health"}
{"duration":"3ms","ip":"::1","level":"http","message":"HTTP Request","method":"GET","service":"eduquest-api","statusCode":200,"timestamp":"2026-03-01 23:03:53","url":"/health","userId":"anonymous"}
{"ip":"::1","level":"http","message":"Incoming Request","method":"GET","service":"eduquest-api","timestamp":"2026-03-01 23:04:23","url":"/health"}
{"duration":"4ms","ip":"::1","level":"http","message":"HTTP Request","method":"GET","service":"eduquest-api","statusCode":200,"timestamp":"2026-03-01 23:04:23","url":"/health","userId":"anonymous"}
{"ip":"::1","level":"http","message":"Incoming Request","method":"GET","service":"eduquest-api","timestamp":"2026-03-01 23:04:54","url":"/health"}
{"duration":"3ms","ip":"::1","level":"http","message":"HTTP Request","method":"GET","service":"eduquest-api","statusCode":200,"timestamp":"2026-03-01 23:04:54","url":"/health","userId":"anonymous"}
{"ip":"::1","level":"http","message":"Incoming Request","method":"GET","service":"eduquest-api","timestamp":"2026-03-01 23:05:24","url":"/health"}
{"duration":"4ms","ip":"::1","level":"http","message":"HTTP Request","method":"GET","service":"eduquest-api","statusCode":200,"timestamp":"2026-03-01 23:05:24","url":"/health","userId":"anonymous"}
{"ip":"::1","level":"http","message":"Incoming Request","method":"GET","service":"eduquest-api","timestamp":"2026-03-01 23:05:54","url":"/health"}
{"duration":"7ms","ip":"::1","level":"http","message":"HTTP Request","method":"GET","service":"eduquest-api","statusCode":200,"timestamp":"2026-03-01 23:05:54","url":"/health","userId":"anonymous"}
{"ip":"::1","level":"http","message":"Incoming Request","method":"GET","service":"eduquest-api","timestamp":"2026-03-01 23:06:24","url":"/health"}
{"duration":"3ms","ip":"::1","level":"http","message":"HTTP Request","method":"GET","service":"eduquest-api","statusCode":200,"timestamp":"2026-03-01 23:06:24","url":"/health","userId":"anonymous"}
{"ip":"::1","level":"http","message":"Incoming Request","method":"GET","service":"eduquest-api","timestamp":"2026-03-01 23:06:54","url":"/health"}
{"duration":"13ms","ip":"::1","level":"http","message":"HTTP Request","method":"GET","service":"eduquest-api","statusCode":200,"timestamp":"2026-03-01 23:06:54","url":"/health","userId":"anonymous"}
{"ip":"::1","level":"http","message":"Incoming Request","method":"GET","service":"eduquest-api","timestamp":"2026-03-01 23:07:24","url":"/health"}
{"duration":"3ms","ip":"::1","level":"http","message":"HTTP Request","method":"GET","service":"eduquest-api","statusCode":200,"timestamp":"2026-03-01 23:07:24","url":"/health","userId":"anonymous"}
{"ip":"::1","level":"http","message":"Incoming Request","method":"GET","service":"eduquest-api","timestamp":"2026-03-01 23:07:54","url":"/health"}
{"duration":"2ms","ip":"::1","level":"http","message":"HTTP Request","method":"GET","service":"eduquest-api","statusCode":200,"timestamp":"2026-03-01 23:07:54","url":"/health","userId":"anonymous"}
{"ip":"::1","level":"http","message":"Incoming Request","method":"GET","service":"eduquest-api","timestamp":"2026-03-01 23:08:25","url":"/health"}
{"duration":"3ms","ip":"::1","level":"http","message":"HTTP Request","method":"GET","service":"eduquest-api","statusCode":200,"timestamp":"2026-03-01 23:08:25","url":"/health","userId":"anonymous"}
{"ip":"::1","level":"http","message":"Incoming Request","method":"GET","service":"eduquest-api","timestamp":"2026-03-01 23:08:55","url":"/health"}
{"duration":"3ms","ip":"::1","level":"http","message":"HTTP Request","method":"GET","service":"eduquest-api","statusCode":200,"timestamp":"2026-03-01 23:08:55","url":"/health","userId":"anonymous"}
{"ip":"::1","level":"http","message":"Incoming Request","method":"GET","service":"eduquest-api","timestamp":"2026-03-01 23:09:25","url":"/health"}
{"duration":"2ms","ip":"::1","level":"http","message":"HTTP Request","method":"GET","service":"eduquest-api","statusCode":200,"timestamp":"2026-03-01 23:09:25","url":"/health","userId":"anonymous"}
{"ip":"::1","level":"http","message":"Incoming Request","method":"GET","service":"eduquest-api","timestamp":"2026-03-01 23:09:55","url":"/health"}
{"duration":"2ms","ip":"::1","level":"http","message":"HTTP Request","method":"GET","service":"eduquest-api","statusCode":200,"timestamp":"2026-03-01 23:09:55","url":"/health","userId":"anonymous"}
{"ip":"::1","level":"http","message":"Incoming Request","method":"GET","service":"eduquest-api","timestamp":"2026-03-01 23:10:25","url":"/health"}
{"duration":"3ms","ip":"::1","level":"http","message":"HTTP Request","method":"GET","service":"eduquest-api","statusCode":200,"timestamp":"2026-03-01 23:10:25","url":"/health","userId":"anonymous"}
{"ip":"::1","level":"http","message":"Incoming Request","method":"GET","service":"eduquest-api","timestamp":"2026-03-01 23:10:55","url":"/health"}
{"duration":"4ms","ip":"::1","level":"http","message":"HTTP Request","method":"GET","service":"eduquest-api","statusCode":200,"timestamp":"2026-03-01 23:10:55","url":"/health","userId":"anonymous"}
{"ip":"::1","level":"http","message":"Incoming Request","method":"GET","service":"eduquest-api","timestamp":"2026-03-01 23:11:25","url":"/health"}
{"duration":"3ms","ip":"::1","level":"http","message":"HTTP Request","method":"GET","service":"eduquest-api","statusCode":200,"timestamp":"2026-03-01 23:11:25","url":"/health","userId":"anonymous"}
{"ip":"::1","level":"http","message":"Incoming Request","method":"GET","service":"eduquest-api","timestamp":"2026-03-01 23:11:56","url":"/health"}
{"duration":"14ms","ip":"::1","level":"http","message":"HTTP Request","method":"GET","service":"eduquest-api","statusCode":200,"timestamp":"2026-03-01 23:11:56","url":"/health","userId":"anonymous"}
{"ip":"::1","level":"http","message":"Incoming Request","method":"GET","service":"eduquest-api","timestamp":"2026-03-01 23:12:26","url":"/health"}
{"duration":"3ms","ip":"::1","level":"http","message":"HTTP Request","method":"GET","service":"eduquest-api","statusCode":200,"timestamp":"2026-03-01 23:12:26","url":"/health","userId":"anonymous"}
{"ip":"::1","level":"http","message":"Incoming Request","method":"GET","service":"eduquest-api","timestamp":"2026-03-01 23:12:56","url":"/health"}
{"duration":"3ms","ip":"::1","level":"http","message":"HTTP Request","method":"GET","service":"eduquest-api","statusCode":200,"timestamp":"2026-03-01 23:12:56","url":"/health","userId":"anonymous"}
{"ip":"::1","level":"http","message":"Incoming Request","method":"GET","service":"eduquest-api","timestamp":"2026-03-01 23:13:26","url":"/health"}
{"duration":"3ms","ip":"::1","level":"http","message":"HTTP Request","method":"GET","service":"eduquest-api","statusCode":200,"timestamp":"2026-03-01 23:13:26","url":"/health","userId":"anonymous"}
{"ip":"::1","level":"http","message":"Incoming Request","method":"GET","service":"eduquest-api","timestamp":"2026-03-01 23:13:56","url":"/health"}
{"duration":"3ms","ip":"::1","level":"http","message":"HTTP Request","method":"GET","service":"eduquest-api","statusCode":200,"timestamp":"2026-03-01 23:13:56","url":"/health","userId":"anonymous"}
{"ip":"::1","level":"http","message":"Incoming Request","method":"GET","service":"eduquest-api","timestamp":"2026-03-01 23:14:26","url":"/health"}
{"duration":"2ms","ip":"::1","level":"http","message":"HTTP Request","method":"GET","service":"eduquest-api","statusCode":200,"timestamp":"2026-03-01 23:14:26","url":"/health","userId":"anonymous"}
{"ip":"::1","level":"http","message":"Incoming Request","method":"GET","service":"eduquest-api","timestamp":"2026-03-01 23:14:57","url":"/health"}
{"duration":"2ms","ip":"::1","level":"http","message":"HTTP Request","method":"GET","service":"eduquest-api","statusCode":200,"timestamp":"2026-03-01 23:14:57","url":"/health","userId":"anonymous"}
{"ip":"::1","level":"http","message":"Incoming Request","method":"GET","service":"eduquest-api","timestamp":"2026-03-01 23:15:27","url":"/health"}
{"duration":"3ms","ip":"::1","level":"http","message":"HTTP Request","method":"GET","service":"eduquest-api","statusCode":200,"timestamp":"2026-03-01 23:15:27","url":"/health","userId":"anonymous"}
{"ip":"::1","level":"http","message":"Incoming Request","method":"GET","service":"eduquest-api","timestamp":"2026-03-01 23:15:57","url":"/health"}
{"duration":"3ms","ip":"::1","level":"http","message":"HTTP Request","method":"GET","service":"eduquest-api","statusCode":200,"timestamp":"2026-03-01 23:15:57","url":"/health","userId":"anonymous"}
{"ip":"::1","level":"http","message":"Incoming Request","method":"GET","service":"eduquest-api","timestamp":"2026-03-01 23:16:27","url":"/health"}
{"duration":"6ms","ip":"::1","level":"http","message":"HTTP Request","method":"GET","service":"eduquest-api","statusCode":200,"timestamp":"2026-03-01 23:16:27","url":"/health","userId":"anonymous"}
{"ip":"::1","level":"http","message":"Incoming Request","method":"GET","service":"eduquest-api","timestamp":"2026-03-01 23:16:57","url":"/health"}
{"duration":"15ms","ip":"::1","level":"http","message":"HTTP Request","method":"GET","service":"eduquest-api","statusCode":200,"timestamp":"2026-03-01 23:16:57","url":"/health","userId":"anonymous"}
{"ip":"::1","level":"http","message":"Incoming Request","method":"GET","service":"eduquest-api","timestamp":"2026-03-01 23:17:27","url":"/health"}
{"duration":"4ms","ip":"::1","level":"http","message":"HTTP Request","method":"GET","service":"eduquest-api","statusCode":200,"timestamp":"2026-03-01 23:17:27","url":"/health","userId":"anonymous"}
{"ip":"::1","level":"http","message":"Incoming Request","method":"GET","service":"eduquest-api","timestamp":"2026-03-01 23:17:58","url":"/health"}
{"duration":"3ms","ip":"::1","level":"http","message":"HTTP Request","method":"GET","service":"eduquest-api","statusCode":200,"timestamp":"2026-03-01 23:17:58","url":"/health","userId":"anonymous"}
{"ip":"::1","level":"http","message":"Incoming Request","method":"GET","service":"eduquest-api","timestamp":"2026-03-01 23:18:28","url":"/health"}
{"duration":"4ms","ip":"::1","level":"http","message":"HTTP Request","method":"GET","service":"eduquest-api","statusCode":200,"timestamp":"2026-03-01 23:18:28","url":"/health","userId":"anonymous"}
{"ip":"::1","level":"http","message":"Incoming Request","method":"GET","service":"eduquest-api","timestamp":"2026-03-01 23:18:58","url":"/health"}
{"duration":"3ms","ip":"::1","level":"http","message":"HTTP Request","method":"GET","service":"eduquest-api","statusCode":200,"timestamp":"2026-03-01 23:18:58","url":"/health","userId":"anonymous"}
{"ip":"::1","level":"http","message":"Incoming Request","method":"GET","service":"eduquest-api","timestamp":"2026-03-01 23:19:28","url":"/health"}
{"duration":"5ms","ip":"::1","level":"http","message":"HTTP Request","method":"GET","service":"eduquest-api","statusCode":200,"timestamp":"2026-03-01 23:19:28","url":"/health","userId":"anonymous"}
{"ip":"::1","level":"http","message":"Incoming Request","method":"GET","service":"eduquest-api","timestamp":"2026-03-01 23:19:58","url":"/health"}
{"duration":"4ms","ip":"::1","level":"http","message":"HTTP Request","method":"GET","service":"eduquest-api","statusCode":200,"timestamp":"2026-03-01 23:19:58","url":"/health","userId":"anonymous"}
{"ip":"::1","level":"http","message":"Incoming Request","method":"GET","service":"eduquest-api","timestamp":"2026-03-01 23:20:28","url":"/health"}
{"duration":"2ms","ip":"::1","level":"http","message":"HTTP Request","method":"GET","service":"eduquest-api","statusCode":200,"timestamp":"2026-03-01 23:20:28","url":"/health","userId":"anonymous"}
{"ip":"::1","level":"http","message":"Incoming Request","method":"GET","service":"eduquest-api","timestamp":"2026-03-01 23:20:58","url":"/health"}
{"duration":"3ms","ip":"::1","level":"http","message":"HTTP Request","method":"GET","service":"eduquest-api","statusCode":200,"timestamp":"2026-03-01 23:20:58","url":"/health","userId":"anonymous"}
{"ip":"::1","level":"http","message":"Incoming Request","method":"GET","service":"eduquest-api","timestamp":"2026-03-01 23:21:29","url":"/health"}
{"duration":"4ms","ip":"::1","level":"http","message":"HTTP Request","method":"GET","service":"eduquest-api","statusCode":200,"timestamp":"2026-03-01 23:21:29","url":"/health","userId":"anonymous"}
{"ip":"::1","level":"http","message":"Incoming Request","method":"GET","service":"eduquest-api","timestamp":"2026-03-01 23:21:59","url":"/health"}
{"duration":"14ms","ip":"::1","level":"http","message":"HTTP Request","method":"GET","service":"eduquest-api","statusCode":200,"timestamp":"2026-03-01 23:21:59","url":"/health","userId":"anonymous"}
{"ip":"::1","level":"http","message":"Incoming Request","method":"GET","service":"eduquest-api","timestamp":"2026-03-01 23:22:29","url":"/health"}
{"duration":"3ms","ip":"::1","level":"http","message":"HTTP Request","method":"GET","service":"eduquest-api","statusCode":200,"timestamp":"2026-03-01 23:22:29","url":"/health","userId":"anonymous"}
{"ip":"::1","level":"http","message":"Incoming Request","method":"GET","service":"eduquest-api","timestamp":"2026-03-01 23:22:59","url":"/health"}
{"duration":"2ms","ip":"::1","level":"http","message":"HTTP Request","method":"GET","service":"eduquest-api","statusCode":200,"timestamp":"2026-03-01 23:22:59","url":"/health","userId":"anonymous"}
{"ip":"::1","level":"http","message":"Incoming Request","method":"GET","service":"eduquest-api","timestamp":"2026-03-01 23:23:29","url":"/health"}
{"duration":"2ms","ip":"::1","level":"http","message":"HTTP Request","method":"GET","service":"eduquest-api","statusCode":200,"timestamp":"2026-03-01 23:23:29","url":"/health","userId":"anonymous"}
{"ip":"::1","level":"http","message":"Incoming Request","method":"GET","service":"eduquest-api","timestamp":"2026-03-01 23:23:59","url":"/health"}
{"duration":"3ms","ip":"::1","level":"http","message":"HTTP Request","method":"GET","service":"eduquest-api","statusCode":200,"timestamp":"2026-03-01 23:23:59","url":"/health","userId":"anonymous"}
{"ip":"::1","level":"http","message":"Incoming Request","method":"GET","service":"eduquest-api","timestamp":"2026-03-01 23:24:29","url":"/health"}
{"duration":"3ms","ip":"::1","level":"http","message":"HTTP Request","method":"GET","service":"eduquest-api","statusCode":200,"timestamp":"2026-03-01 23:24:29","url":"/health","userId":"anonymous"}
{"ip":"::1","level":"http","message":"Incoming Request","method":"GET","service":"eduquest-api","timestamp":"2026-03-01 23:24:59","url":"/health"}
{"duration":"3ms","ip":"::1","level":"http","message":"HTTP Request","method":"GET","service":"eduquest-api","statusCode":200,"timestamp":"2026-03-01 23:24:59","url":"/health","userId":"anonymous"}
{"ip":"::1","level":"http","message":"Incoming Request","method":"GET","service":"eduquest-api","timestamp":"2026-03-01 23:25:30","url":"/health"}
{"duration":"3ms","ip":"::1","level":"http","message":"HTTP Request","method":"GET","service":"eduquest-api","statusCode":200,"timestamp":"2026-03-01 23:25:30","url":"/health","userId":"anonymous"}
{"ip":"::1","level":"http","message":"Incoming Request","method":"GET","service":"eduquest-api","timestamp":"2026-03-01 23:26:00","url":"/health"}
{"duration":"4ms","ip":"::1","level":"http","message":"HTTP Request","method":"GET","service":"eduquest-api","statusCode":200,"timestamp":"2026-03-01 23:26:00","url":"/health","userId":"anonymous"}
{"ip":"::1","level":"http","message":"Incoming Request","method":"GET","service":"eduquest-api","timestamp":"2026-03-01 23:26:30","url":"/health"}
{"duration":"3ms","ip":"::1","level":"http","message":"HTTP Request","method":"GET","service":"eduquest-api","statusCode":200,"timestamp":"2026-03-01 23:26:30","url":"/health","userId":"anonymous"}
{"ip":"::1","level":"http","message":"Incoming Request","method":"GET","service":"eduquest-api","timestamp":"2026-03-01 23:27:00","url":"/health"}
{"duration":"13ms","ip":"::1","level":"http","message":"HTTP Request","method":"GET","service":"eduquest-api","statusCode":200,"timestamp":"2026-03-01 23:27:00","url":"/health","userId":"anonymous"}
{"ip":"::1","level":"http","message":"Incoming Request","method":"GET","service":"eduquest-api","timestamp":"2026-03-01 23:27:30","url":"/health"}
{"duration":"3ms","ip":"::1","level":"http","message":"HTTP Request","method":"GET","service":"eduquest-api","statusCode":200,"timestamp":"2026-03-01 23:27:30","url":"/health","userId":"anonymous"}
{"ip":"::1","level":"http","message":"Incoming Request","method":"GET","service":"eduquest-api","timestamp":"2026-03-01 23:28:00","url":"/health"}
{"duration":"2ms","ip":"::1","level":"http","message":"HTTP Request","method":"GET","service":"eduquest-api","statusCode":200,"timestamp":"2026-03-01 23:28:00","url":"/health","userId":"anonymous"}
{"ip":"::1","level":"http","message":"Incoming Request","method":"GET","service":"eduquest-api","timestamp":"2026-03-01 23:28:30","url":"/health"}
{"duration":"3ms","ip":"::1","level":"http","message":"HTTP Request","method":"GET","service":"eduquest-api","statusCode":200,"timestamp":"2026-03-01 23:28:30","url":"/health","userId":"anonymous"}
{"ip":"::1","level":"http","message":"Incoming Request","method":"GET","service":"eduquest-api","timestamp":"2026-03-01 23:29:01","url":"/health"}
{"duration":"3ms","ip":"::1","level":"http","message":"HTTP Request","method":"GET","service":"eduquest-api","statusCode":200,"timestamp":"2026-03-01 23:29:01","url":"/health","userId":"anonymous"}
{"ip":"::1","level":"http","message":"Incoming Request","method":"GET","service":"eduquest-api","timestamp":"2026-03-01 23:29:31","url":"/health"}
{"duration":"3ms","ip":"::1","level":"http","message":"HTTP Request","method":"GET","service":"eduquest-api","statusCode":200,"timestamp":"2026-03-01 23:29:31","url":"/health","userId":"anonymous"}
{"ip":"::1","level":"http","message":"Incoming Request","method":"GET","service":"eduquest-api","timestamp":"2026-03-01 23:30:01","url":"/health"}
{"duration":"3ms","ip":"::1","level":"http","message":"HTTP Request","method":"GET","service":"eduquest-api","statusCode":200,"timestamp":"2026-03-01 23:30:01","url":"/health","userId":"anonymous"}
{"ip":"::1","level":"http","message":"Incoming Request","method":"GET","service":"eduquest-api","timestamp":"2026-03-01 23:30:31","url":"/health"}
{"duration":"3ms","ip":"::1","level":"http","message":"HTTP Request","method":"GET","service":"eduquest-api","statusCode":200,"timestamp":"2026-03-01 23:30:31","url":"/health","userId":"anonymous"}
{"ip":"::1","level":"http","message":"Incoming Request","method":"GET","service":"eduquest-api","timestamp":"2026-03-01 23:31:01","url":"/health"}
{"duration":"2ms","ip":"::1","level":"http","message":"HTTP Request","method":"GET","service":"eduquest-api","statusCode":200,"timestamp":"2026-03-01 23:31:01","url":"/health","userId":"anonymous"}
{"ip":"::1","level":"http","message":"Incoming Request","method":"GET","service":"eduquest-api","timestamp":"2026-03-01 23:31:31","url":"/health"}
{"duration":"2ms","ip":"::1","level":"http","message":"HTTP Request","method":"GET","service":"eduquest-api","statusCode":200,"timestamp":"2026-03-01 23:31:31","url":"/health","userId":"anonymous"}
{"ip":"::1","level":"http","message":"Incoming Request","method":"GET","service":"eduquest-api","timestamp":"2026-03-01 23:32:01","url":"/health"}
{"duration":"15ms","ip":"::1","level":"http","message":"HTTP Request","method":"GET","service":"eduquest-api","statusCode":200,"timestamp":"2026-03-01 23:32:01","url":"/health","userId":"anonymous"}
{"ip":"::1","level":"http","message":"Incoming Request","method":"GET","service":"eduquest-api","timestamp":"2026-03-01 23:32:32","url":"/health"}
{"duration":"3ms","ip":"::1","level":"http","message":"HTTP Request","method":"GET","service":"eduquest-api","statusCode":200,"timestamp":"2026-03-01 23:32:32","url":"/health","userId":"anonymous"}
{"ip":"::1","level":"http","message":"Incoming Request","method":"GET","service":"eduquest-api","timestamp":"2026-03-01 23:33:02","url":"/health"}
{"duration":"3ms","ip":"::1","level":"http","message":"HTTP Request","method":"GET","service":"eduquest-api","statusCode":200,"timestamp":"2026-03-01 23:33:02","url":"/health","userId":"anonymous"}
{"ip":"::1","level":"http","message":"Incoming Request","method":"GET","service":"eduquest-api","timestamp":"2026-03-01 23:33:32","url":"/health"}
{"duration":"4ms","ip":"::1","level":"http","message":"HTTP Request","method":"GET","service":"eduquest-api","statusCode":200,"timestamp":"2026-03-01 23:33:32","url":"/health","userId":"anonymous"}
{"ip":"::1","level":"http","message":"Incoming Request","method":"GET","service":"eduquest-api","timestamp":"2026-03-01 23:34:02","url":"/health"}
{"duration":"2ms","ip":"::1","level":"http","message":"HTTP Request","method":"GET","service":"eduquest-api","statusCode":200,"timestamp":"2026-03-01 23:34:02","url":"/health","userId":"anonymous"}
{"ip":"::1","level":"http","message":"Incoming Request","method":"GET","service":"eduquest-api","timestamp":"2026-03-01 23:34:32","url":"/health"}
{"duration":"3ms","ip":"::1","level":"http","message":"HTTP Request","method":"GET","service":"eduquest-api","statusCode":200,"timestamp":"2026-03-01 23:34:32","url":"/health","userId":"anonymous"}
